<?xml version="1.0" encoding="UTF-8"?>
<!-- Generated by org.testng.reporters.JUnitXMLReporter -->
<testsuite hostname="DESKTOP-09P1LB6" ignored="0" name="Mobile" tests="3" failures="0" timestamp="09 Apr 2020 10:54:32 GMT" time="0.064" errors="0">
  <testcase name="MobileDataEntry" time="0.018" classname="Maven.AppiumTest"/>
  <testcase name="MobileLogin" time="0.003" classname="Maven.AppiumTest"/>
  <testcase name="MobileLogout" time="0.002" classname="Maven.AppiumTest"/>
</testsuite> <!-- Mobile -->
