<?xml version="1.0" encoding="UTF-8"?>
<!-- Generated by org.testng.reporters.JUnitXMLReporter -->
<testsuite hostname="DESKTOP-09P1LB6" ignored="0" name="Test" tests="4" failures="0" timestamp="09 Apr 2020 09:53:02 GMT" time="0.068" errors="0">
  <testcase name="EntryData" time="0.009" classname="Maven.SeleniumTest"/>
  <testcase name="Login" time="0.002" classname="Maven.SeleniumTest"/>
  <testcase name="MobileLogin" time="0.002" classname="Maven.AppiumTest"/>
  <testcase name="MobileLogout" time="0.002" classname="Maven.AppiumTest"/>
</testsuite> <!-- Test -->
