<?xml version="1.0" encoding="UTF-8"?>
<!-- Generated by org.testng.reporters.JUnitXMLReporter -->
<testsuite hostname="DESKTOP-09P1LB6" ignored="0" name="Web" tests="3" failures="1" timestamp="09 Apr 2020 10:54:33 GMT" time="0.094" errors="0">
  <testcase name="Home" time="0.003" classname="Maven.SeleniumTest"/>
  <testcase name="Login" time="0.0" classname="Maven.SeleniumTest">
    <failure type="org.testng.TestNGException" message="
Data Provider public java.util.ArrayList Maven.SeleniumTest.EntryData() must return either Object[][] or Object[] or Iterator&amp;lt;Object[]&amp;gt; or Iterator&amp;lt;Object&amp;gt;, not class java.util.ArrayList">
      <![CDATA[org.testng.TestNGException: 
Data Provider public java.util.ArrayList Maven.SeleniumTest.EntryData() must return either Object[][] or Object[] or Iterator<Object[]> or Iterator<Object>, not class java.util.ArrayList
... Removed 22 stack frames]]>
    </failure>
  </testcase> <!-- Login -->
  <testcase name="Logout" time="0.008" classname="Maven.SeleniumTest"/>
</testsuite> <!-- Web -->
