<?xml version="1.0" encoding="UTF-8"?>
<!-- Generated by org.testng.reporters.JUnitXMLReporter -->
<testsuite hostname="DESKTOP-09P1LB6" ignored="0" name="Mobile" tests="3" failures="0" timestamp="2020-04-09T18:01:32 IST" time="0.066" errors="0">
  <testcase name="MobileDataEntry" time="0.008" classname="Maven.AppiumTest"/>
  <testcase name="MobileLogin" time="0.0" classname="Maven.AppiumTest"/>
  <testcase name="MobileLogout" time="0.001" classname="Maven.AppiumTest"/>
</testsuite> <!-- Mobile -->
