<?xml version="1.0" encoding="UTF-8"?>
<testng-results skipped="0" failed="0" ignored="0" total="6" passed="6">
  <reporter-output>
  </reporter-output>
  <suite name="Suite" duration-ms="118" started-at="2020-04-09T18:01:32 IST" finished-at="2020-04-09T18:01:32 IST">
    <groups>
      <group name="Web">
        <method signature="SeleniumTest.Home()[pri:0, instance:Maven.SeleniumTest@72d818d1]" name="Home" class="Maven.SeleniumTest"/>
      </group> <!-- Web -->
      <group name="Mobile">
        <method signature="AppiumTest.MobileDataEntry()[pri:0, instance:Maven.AppiumTest@4dfa3a9d]" name="MobileDataEntry" class="Maven.AppiumTest"/>
        <method signature="SeleniumTest.Home()[pri:0, instance:Maven.SeleniumTest@72d818d1]" name="Home" class="Maven.SeleniumTest"/>
      </group> <!-- Mobile -->
    </groups>
    <test name="Mobile" duration-ms="66" started-at="2020-04-09T18:01:32 IST" finished-at="2020-04-09T18:01:32 IST">
      <class name="Maven.AppiumTest">
        <test-method status="PASS" signature="MobileDataEntry()[pri:0, instance:Maven.AppiumTest@4dfa3a9d]" name="MobileDataEntry" duration-ms="8" started-at="2020-04-09T18:01:32 IST" finished-at="2020-04-09T18:01:32 IST">
          <reporter-output>
          </reporter-output>
        </test-method> <!-- MobileDataEntry -->
        <test-method status="PASS" signature="MobileLogin(java.lang.String)[pri:0, instance:Maven.AppiumTest@4dfa3a9d]" name="MobileLogin" duration-ms="0" started-at="2020-04-09T18:01:32 IST" finished-at="2020-04-09T18:01:32 IST">
          <params>
            <param index="0">
              <value>
                <![CDATA[www.google.com]]>
              </value>
            </param>
          </params>
          <reporter-output>
          </reporter-output>
        </test-method> <!-- MobileLogin -->
        <test-method status="PASS" signature="MobileLogout()[pri:0, instance:Maven.AppiumTest@4dfa3a9d]" name="MobileLogout" duration-ms="1" started-at="2020-04-09T18:01:32 IST" finished-at="2020-04-09T18:01:32 IST">
          <reporter-output>
          </reporter-output>
        </test-method> <!-- MobileLogout -->
      </class> <!-- Maven.AppiumTest -->
    </test> <!-- Mobile -->
    <test name="Web" duration-ms="5" started-at="2020-04-09T18:01:32 IST" finished-at="2020-04-09T18:01:32 IST">
      <class name="Maven.SeleniumTest">
        <test-method status="PASS" signature="Home()[pri:0, instance:Maven.SeleniumTest@72d818d1]" name="Home" duration-ms="1" started-at="2020-04-09T18:01:32 IST" finished-at="2020-04-09T18:01:32 IST">
          <reporter-output>
          </reporter-output>
        </test-method> <!-- Home -->
        <test-method status="PASS" signature="Login()[pri:0, instance:Maven.SeleniumTest@72d818d1]" name="Login" duration-ms="0" started-at="2020-04-09T18:01:32 IST" finished-at="2020-04-09T18:01:32 IST">
          <reporter-output>
          </reporter-output>
        </test-method> <!-- Login -->
        <test-method status="PASS" signature="Logout()[pri:0, instance:Maven.SeleniumTest@72d818d1]" name="Logout" duration-ms="1" started-at="2020-04-09T18:01:32 IST" finished-at="2020-04-09T18:01:32 IST">
          <reporter-output>
          </reporter-output>
        </test-method> <!-- Logout -->
      </class> <!-- Maven.SeleniumTest -->
    </test> <!-- Web -->
  </suite> <!-- Suite -->
</testng-results>
