<?xml version="1.0" encoding="UTF-8"?>
<testng-results skipped="0" failed="0" ignored="0" total="1" passed="1">
  <reporter-output>
  </reporter-output>
  <suite name="Default suite" duration-ms="40" started-at="2020-04-09T12:35:59Z" finished-at="2020-04-09T12:35:59Z">
    <groups>
    </groups>
    <test name="Default test" duration-ms="40" started-at="2020-04-09T12:35:59Z" finished-at="2020-04-09T12:35:59Z">
      <class name="Maven.DataPropTest">
        <test-method status="PASS" signature="data()[pri:0, instance:Maven.DataPropTest@478190fc]" name="data" duration-ms="17" started-at="2020-04-09T18:05:59Z" finished-at="2020-04-09T18:05:59Z">
          <reporter-output>
          </reporter-output>
        </test-method> <!-- data -->
      </class> <!-- Maven.DataPropTest -->
    </test> <!-- Default test -->
  </suite> <!-- Default suite -->
</testng-results>
